<?xml version="1.0" encoding="UTF-8"?>
<!-- Generated by org.testng.reporters.JUnitReportReporter -->
<testsuite skipped="0" hostname="SIPL151" name="com.syena.cxp.testcases.SalesPageTest" tests="1" failures="0" timestamp="17 Jul 2019 04:32:06 GMT" time="0.485" errors="0">
  <testcase name="clickOnNewEventLinkTest" time="0.485" classname="com.syena.cxp.testcases.SalesPageTest"/>
</testsuite> <!-- com.syena.cxp.testcases.SalesPageTest -->
