<?xml version="1.0" encoding="UTF-8"?>
<!-- Generated by org.testng.reporters.JUnitReportReporter -->
<testsuite skipped="0" hostname="SIPL151" name="com.syena.cxp.testcases.NewEventTest" tests="1" failures="0" timestamp="17 Jul 2019 04:39:53 GMT" time="11.783" errors="0">
  <testcase name="createEventTest" time="11.783" classname="com.syena.cxp.testcases.NewEventTest"/>
</testsuite> <!-- com.syena.cxp.testcases.NewEventTest -->
