<?xml version="1.0" encoding="UTF-8"?>
<!-- Generated by org.testng.reporters.JUnitReportReporter -->
<testsuite skipped="0" hostname="SIPL151" name="com.syena.cxp.testcases.HomePageTest" tests="1" failures="0" timestamp="17 Jul 2019 04:39:53 GMT" time="1.553" errors="0">
  <testcase name="clickOnSalesLinktest" time="1.553" classname="com.syena.cxp.testcases.HomePageTest"/>
</testsuite> <!-- com.syena.cxp.testcases.HomePageTest -->
